2018-12-26 16:45:11,907 - DEBUG - [['15026db4a1614f22bf53626e9f2c6bbd', 'Hkin'], ['736d1b7d8f1043c39a408928a9d2622d', 'tzpk']]
2018-12-26 16:46:44,262 - DEBUG - [['45660933798a42f385759bb2aba05595', None], ['f82824e0ee0c4c18aa4dd1da7537a44f', 'yGpQ']]
2018-12-26 16:46:47,591 - DEBUG - z_status:	0
	s_status:	1

2018-12-26 16:46:51,187 - DEBUG - [['b7cc3de6d0584bf9914d76bdf1dfb8ab', 'GRcE'], ['40f40ff39ed04987a2bd3cd6dab63877', 'yjnh']]
2018-12-26 16:46:51,459 - DEBUG - z_status:	1
	s_status:	1

2018-12-26 16:46:54,880 - DEBUG - [['5893315be69b4d4bbefd4af9726af02b', 'DkFl'], ['513d662a839e4fd8874df4e706f1a33d', None]]
2018-12-26 16:46:55,149 - DEBUG - z_status:	1
	s_status:	0

2018-12-26 16:47:04,564 - DEBUG - [['07c923e0118c49f686f963198d3526b8', None], ['86cbc85f37024c088b1e24ded51a0eda', 'g5uR']]
2018-12-26 16:47:07,850 - DEBUG - z_status:	0
	s_status:	0

2018-12-26 16:47:11,340 - DEBUG - [['a128796fc48d478ba573b990157574ab', 'kpTf'], ['f0e68eb2175543cfb55a00f9dd20553c', None]]
2018-12-26 16:47:11,601 - DEBUG - z_status:	1
	s_status:	0

2018-12-26 16:47:18,450 - DEBUG - [['48a39e12ef1f49be96a30b4375210273', '4kA6'], ['7907dbc3772b456c8a5bd8c8f945c374', 'N4mn']]
2018-12-26 16:47:21,730 - DEBUG - z_status:	1
	s_status:	1

2018-12-26 16:47:32,536 - DEBUG - [['fd03ee48858a48dea4c5025951d80b6d', 'tFTz'], ['1b6db8f2a60848c396db3c16aa934e5c', '8qNj']]
2018-12-26 16:47:35,830 - DEBUG - z_status:	1	s_status:	1
2018-12-26 16:47:39,522 - DEBUG - [['494aac9d61694e409895f45479062bc9', 'vnqc'], ['cbe14d299eaa4e61a0ec15dba1698477', 'pyj7']]
2018-12-26 16:47:39,910 - DEBUG - z_status:	0	s_status:	0
2018-12-26 16:47:43,615 - DEBUG - [['2a8503ab214f468cb57394ebe9ed02f1', 'xz4w'], ['8cb0799f4b43491c8a7ed770a74167c0', 'xup8']]
2018-12-26 16:47:43,921 - DEBUG - z_status:	1	s_status:	1
2018-12-26 16:47:47,500 - DEBUG - [['ada96baed4614c9ca61b0c5f67f6dc57', 'GQxN'], ['0b451aad25d545078ac6fd72408a6b54', 'v5Hs']]
2018-12-26 16:47:47,818 - DEBUG - z_status:	1	s_status:	1
2018-12-26 16:56:07,003 - DEBUG - [['8a0b807879e5436ea619ea5adad66bf0', '8Tbg'], ['b3fa1b1ebe854b66893faaa9dcb47f35', 'Bvtz']]
2018-12-26 16:56:07,279 - DEBUG - z_status:	1	s_status:	1
2018-12-26 16:56:16,820 - DEBUG - [['69a6d3ffd5df420182bae3f6c0cb9332', 'f2iA'], ['b776f930c8154b32aa2c92a8c34384f5', '3w3M']]
2018-12-26 16:56:20,118 - DEBUG - z_status:	0	s_status:	1
2018-12-26 16:56:26,827 - DEBUG - [['226e405f7e0c4e60b9957531e4504d62', 'fi4M'], ['0800e18519eb4b8f9ba65a8209abaf36', 'kcfF']]
2018-12-26 16:56:30,137 - DEBUG - z_status:	1	s_status:	1
2018-12-26 16:56:36,637 - DEBUG - [['9f6aff1f2d3e42f896ef40bca648b595', '6tpG'], ['d6acafd599c14628b0856863c0f28056', 'grRq']]
2018-12-26 16:56:39,935 - DEBUG - z_status:	1	s_status:	0
2018-12-26 16:56:43,360 - DEBUG - [['472306962d0e479eace3cb4b90a42ace', 'sucg'], ['aa78492151554d7c8f97bec36020297a', 'c3fe']]
2018-12-26 16:56:43,647 - DEBUG - z_status:	1	s_status:	1
2018-12-26 16:56:47,069 - DEBUG - [['ec0680ee1dda4917b11dce75cfa713c0', 'sqAy'], ['4bf3e2049cfa4f71b375515bf10e56b7', None]]
2018-12-26 16:56:47,374 - DEBUG - z_status:	1	s_status:	0
2018-12-26 16:56:56,866 - DEBUG - [['40ee89ec839848f69c9cdf77860957e4', 'grst'], ['ed185bfd05b940c98f2acccc423f2555', 'j8tg']]
2018-12-26 16:57:00,127 - DEBUG - z_status:	1	s_status:	1
2018-12-26 16:57:06,483 - DEBUG - [['41ac526b2cb04fd0bed8cfb25926ed24', None], ['e6cfc53c6f534ff0aeb684dbd55bd956', 'fgcs']]
2018-12-26 16:57:09,785 - DEBUG - z_status:	0	s_status:	0
2018-12-26 16:57:13,384 - DEBUG - [['5627358eb0444104b1d4b3058f227687', None], ['19aa7e665e024ec0a6f8896d92f3c7df', '8cyg']]
2018-12-26 16:57:13,684 - DEBUG - z_status:	0	s_status:	0
2018-12-26 16:57:17,289 - DEBUG - [['af99c0ab4ac24ad882dfc8eebb7e3faa', 'RwTu'], ['d7b35aed98f14129a4b571ac8cc27a5b', '4cdg']]
2018-12-26 16:57:17,572 - DEBUG - z_status:	0	s_status:	1
2018-12-26 16:57:21,459 - DEBUG - [['b5d2ccbe15a047a2abbc4d8003537185', 'axFc'], ['46a00867aefd41708133752c6daeb805', '8Qqp']]
2018-12-26 16:57:21,723 - DEBUG - z_status:	1	s_status:	1
2018-12-26 16:57:25,182 - DEBUG - [['bbd5c67da12a459b963227ac62c20a93', 'hvgu'], ['cfc122e9a7e845b39daa7ff8508e889b', 'sEgw']]
2018-12-26 16:57:25,457 - DEBUG - z_status:	1	s_status:	1
2018-12-26 16:57:34,978 - DEBUG - [['6b5efa0a040a489899fc75a62a8bb2ef', 'ydg6'], ['e70b4ecf51244aa1ba27e40014dad5d1', 'nsNx']]
2018-12-26 16:57:35,385 - DEBUG - z_status:	0	s_status:	0
2018-12-26 16:57:44,717 - DEBUG - [['4c47a9b7feb347cb887d2a3a899c0bda', 't57p'], ['de00ceb3d2444e40b22766f3ed6580f8', None]]
2018-12-26 16:57:48,009 - DEBUG - z_status:	0	s_status:	0
2018-12-26 16:57:51,549 - DEBUG - [['8b8d58a6cb5f4d4a8968038dc05e4295', '878p'], ['061acda64360471b8f85e39a0f1bacc9', 'c5as']]
2018-12-26 16:57:51,814 - DEBUG - z_status:	1	s_status:	0
2018-12-26 16:57:55,426 - DEBUG - [['3150461b37694e9d90512866b148a567', '5zDs'], ['f0513e92ef1646a094f5165ecbe77992', None]]
2018-12-26 16:57:55,683 - DEBUG - z_status:	1	s_status:	0
2018-12-26 16:57:59,008 - DEBUG - [['a7fccdef7e45481a987997405621aa4a', 'bT7q'], ['c0d74876ae2b4b28b5822d1da9bac96a', None]]
2018-12-26 16:57:59,265 - DEBUG - z_status:	0	s_status:	0
2018-12-26 16:58:08,753 - DEBUG - [['37b9acdc751d473192e0d36cb29218b8', 'E6dz'], ['b7791951016b4d6389367b8cc87ad83f', 'jx66']]
2018-12-26 16:58:32,387 - DEBUG - z_status:	0	s_status:	0
2018-12-26 16:58:38,859 - DEBUG - [['d743fb7b07cb423e843bb1b31d1f22d4', None], ['5f913d2d98eb4791b448959e6cc26ede', 'lN8n']]
2018-12-26 16:58:42,136 - DEBUG - z_status:	0	s_status:	1
2018-12-26 16:58:48,536 - DEBUG - [['41cdede41ae54bd89cc230c0d9d82000', None], ['1af6bc22d8c545de8ef259bb8d6d9b42', 'hsAa']]
2018-12-26 16:58:51,825 - DEBUG - z_status:	0	s_status:	1
2018-12-26 16:58:55,395 - DEBUG - [['deddd35fd1714a32a096782b362eb53a', 'dtuc'], ['4fe1ad132ff34c4ab0c08f5c8fa323ed', '4pkl']]
2018-12-26 16:58:55,733 - DEBUG - z_status:	1	s_status:	1
2018-12-26 16:58:59,296 - DEBUG - [['d62772f68dd041ac92dcb3bf1b07cbc4', 'cEin'], ['69b10ae0683e4f1d995c3cba4a565a9b', 'Gxpz']]
2018-12-26 16:58:59,585 - DEBUG - z_status:	0	s_status:	1
2018-12-26 17:00:43,563 - DEBUG - [['8f51c4d037164fd382bbd0e4242543f7', '5qDg'], [None, None]]
2018-12-26 17:00:43,856 - DEBUG - z_status:	1	s_status:	0
2018-12-26 17:00:47,397 - DEBUG - [['b1b01dfad5bf4ced85e7c2316725aae9', None], ['2bc835b0fce0495681e7e26eaeceea76', 'McvR']]
2018-12-26 17:00:47,724 - DEBUG - z_status:	0	s_status:	1
2018-12-26 17:00:51,388 - DEBUG - [['9ba7bcb2391e4acba37b75f0cc989a68', '4Ggy'], ['503565e7c49b4b57862870688b3035f2', '8lgy']]
2018-12-26 17:00:51,727 - DEBUG - z_status:	0	s_status:	1
2018-12-26 17:00:55,239 - DEBUG - [['1a58c158d8bd45bd8e413f98b0cc647c', 'z7cv'], ['6a3e077a26bf436ab4a9bd38219b75e8', 'AFlN']]
2018-12-26 17:00:55,551 - DEBUG - z_status:	1	s_status:	1
2018-12-26 17:00:59,093 - DEBUG - [['84c8425c9f2346afb5380616efda56a4', 'RyqB'], ['429892cb437e40309d03cacb4fde7503', 'xNfG']]
2018-12-26 17:00:59,427 - DEBUG - z_status:	1	s_status:	1
2018-12-26 17:01:08,946 - DEBUG - [['38afaeaa35ac4983ac00b0d87468312e', 'u5pG'], ['4aabec2bb703448e86f3eaa9194d3f8e', 'qbsM']]
2018-12-26 17:01:12,338 - DEBUG - z_status:	0	s_status:	1
2018-12-26 17:01:15,737 - DEBUG - [['e4dbda61b42249aba96598bd007bcab8', None], ['5d410fa5f2c1441a9ebed1895fb9d5b1', 'rTye']]
2018-12-26 17:01:16,079 - DEBUG - z_status:	0	s_status:	1
2018-12-26 17:01:19,432 - DEBUG - [['2c632df53ef442318aea82501689d197', '4lyR'], ['e27893f975374ff59ab4080f17ce4889', None]]
2018-12-26 17:01:19,815 - DEBUG - z_status:	1	s_status:	0
2018-12-26 17:01:23,247 - DEBUG - [['72e64a4b0640479a85bf85c05754ef97', 's52b'], ['45f098b48248478591b7d83e779496c9', None]]
2018-12-26 17:02:14,153 - DEBUG - z_status:	1	s_status:	<!DOCTYPE HTML PUBLIC "-//IETF//DTD HTML 2.0//EN">
<html>
<head><title>403 Forbidden</title></head>
<body bgcolor="white">
<h1>403 Forbidden</h1>
<p>You don't have permission to access the URL on this server. Sorry for the inconvenience.<br/>
Please report this message and include the following information to us.<br/>
Thank you very much!</p>
<table>
<tr>
<td>URL:</td>
<td>http://zxgk.court.gov.cn/shixin/checkyzm.do?captchaId=45f098b48248478591b7d83e779496c9&amp;pCode=None</td>
</tr>
<tr>
<td>Server:</td>
<td>proxy-vm2</td>
</tr>
<tr>
<td>Date:</td>
<td>2018/12/26 16:55:46</td>
</tr>
</table>
<hr/>Powered by Tengine</body>
</html>
2018-12-26 17:02:20,740 - DEBUG - [['6805223e59e7409cb1b8177257e72c18', '8sys'], ['2b5e47cf906b4bcea3077088a0e6b792', 'dkEw']]
2018-12-26 17:02:24,051 - DEBUG - z_status:	0	s_status:	1
2018-12-26 17:02:27,615 - DEBUG - [['2a35cbc8fe2540548055bb5297d8f237', 'kk3l'], ['bbd6372b432d47c99870a6885b37ff99', 'xvjt']]
2018-12-26 17:02:28,062 - DEBUG - z_status:	0	s_status:	1
2018-12-26 17:02:31,677 - DEBUG - [['942d67cff19944a79fcecab209cf342e', 'khgx'], ['06a72a0040cf492996242b1c64516c28', 'vbmd']]
2018-12-26 17:02:31,999 - DEBUG - z_status:	1	s_status:	1
2018-12-26 17:02:35,252 - DEBUG - [['032cc5dff2e24940a047d01f87ff6598', None], ['9ad500c4a91c428aac99b2791dbd82a7', None]]
2018-12-26 17:02:35,558 - DEBUG - z_status:	0	s_status:	0
2018-12-26 17:02:39,227 - DEBUG - [['d1d61a8471294fb78251944d6b5ae95e', 'ux6y'], ['030187f81725438aa272e667954bf4bd', 'u5Bk']]
2018-12-26 17:02:39,525 - DEBUG - z_status:	1	s_status:	1
2018-12-26 17:02:43,012 - DEBUG - [['7ffd5123c8304fdb9614d86b90bf48d8', 'Hs2R'], ['d9daa96f2d8d4bb1ade452b3c1671b19', 'EQvN']]
2018-12-26 17:02:43,300 - DEBUG - z_status:	0	s_status:	1
2018-12-26 17:02:53,012 - DEBUG - [['97491841b747479f9672cd443ffdd43c', 'p85y'], ['80b75c466f8f43e6a2b3cc238f64e4ad', 'RakF']]
2018-12-26 17:02:56,328 - DEBUG - z_status:	1	s_status:	0
2018-12-26 17:02:59,834 - DEBUG - [['e4f46566890d411587d44f720e36bcff', 'f657'], ['3c0a775f4e564c7fa8be64faadc1acf1', 'cbMr']]
2018-12-26 17:03:00,284 - DEBUG - z_status:	0	s_status:	1
2018-12-26 17:03:03,851 - DEBUG - [['4bffc1e5ccc549daaa51b34a324b995e', 'nwgu'], ['26259cd5b45a4f1280a320138530e69f', 'wvpq']]
2018-12-26 17:03:07,160 - DEBUG - z_status:	1	s_status:	0
2018-12-26 17:03:16,592 - DEBUG - [['3cdaae54a7b64e10a817c79635805f1a', None], ['3abbc9edb5ea49b29d924bb25cc1c66e', 'e7ms']]
2018-12-26 17:03:19,907 - DEBUG - z_status:	0	s_status:	1
2018-12-26 17:03:23,512 - DEBUG - [['51e95b0e31034920b6fdc212b141dde9', 'bq8x'], ['04c3cc74a2b54674b5bb451010b5b994', 'ypkk']]
2018-12-26 17:03:23,837 - DEBUG - z_status:	0	s_status:	1
2018-12-26 17:03:27,382 - DEBUG - [['1872f0ed1bf840538d8c37bc0adf692b', 'xugs'], ['ff920f81ba2c4a129f992c090fc1fd40', 'qEu6']]
2018-12-26 17:03:27,688 - DEBUG - z_status:	0	s_status:	1
2018-12-26 17:03:31,101 - DEBUG - [['dfb5cbdf74894461bbed99fbe960637e', 'kQes'], ['2ab1b015a2314ee0bb3a2dc767511e2b', None]]
2018-12-26 17:03:31,429 - DEBUG - z_status:	0	s_status:	0
2018-12-26 17:03:40,994 - DEBUG - [['615fa0992a1b4969a3a13b7d9819761e', 'Gzw4'], ['780be0888b3b4b44871bccc1810c393c', None]]
2018-12-26 17:03:44,288 - DEBUG - z_status:	1	s_status:	0
2018-12-26 17:03:47,861 - DEBUG - [['0d286ffea713467098b4c597e4689005', 'se2e'], ['a2f027efd83d4f9695edb8e7af293cb8', None]]
2018-12-26 17:03:48,212 - DEBUG - z_status:	1	s_status:	0
2018-12-26 17:03:51,529 - DEBUG - [['4f7d647ff7064b6f80182be394bd9da2', None], ['0666ac7824cf4bdfb056df002a73976f', None]]
2018-12-26 17:03:51,895 - DEBUG - z_status:	0	s_status:	0
2018-12-26 17:03:55,483 - DEBUG - [['a91a1921dc3644fdb8f3cf1a45204c8a', 'ivks'], ['def162842fe94f2cabce7a59fdc6236d', 'cgxQ']]
2018-12-26 17:03:55,779 - DEBUG - z_status:	0	s_status:	1
2018-12-26 17:03:59,376 - DEBUG - [['34a9b426f0554073bfe791acd9d401cc', 'Muxp'], ['d8b96837cec847569427b444b8e010f2', 'cn6M']]
2018-12-26 17:03:59,692 - DEBUG - z_status:	0	s_status:	1
2018-12-26 17:04:03,310 - DEBUG - [['761b85203bf24468bba6e01c4cf26e42', 'nMQq'], ['91a20a74df4a42609d977d22dd6d0b92', 'pA3k']]
2018-12-26 17:04:03,615 - DEBUG - z_status:	1	s_status:	0
2018-12-26 17:04:07,094 - DEBUG - [['008ff60c4f0b4df6ae36e416502d09dd', 'xDar'], ['c582c93d30c845da8527513562639a10', 'wxrz']]
2018-12-26 17:04:07,397 - DEBUG - z_status:	1	s_status:	1
2018-12-26 17:04:17,032 - DEBUG - [['9098fbba094741b0a08152e7dd57d988', 'kpvE'], ['a62549b4bf3349d386a0a7fbe4ccf2e1', 'ulsq']]
2018-12-26 17:04:20,338 - DEBUG - z_status:	1	s_status:	1
2018-12-26 17:04:23,753 - DEBUG - [['e678f31699fe403dafea698b67c62983', 'a4jp'], ['404db1fd396945348252534b9e4b38c2', None]]
2018-12-26 17:04:24,086 - DEBUG - z_status:	0	s_status:	0
2018-12-26 17:04:27,575 - DEBUG - [['4b6f5ba56fac4894b0a6e6b1e4089f95', 'du6w'], ['b9f56a5b7bd340feb776db765052f761', None]]
2018-12-26 17:04:27,991 - DEBUG - z_status:	1	s_status:	0
2018-12-26 17:10:13,324 - DEBUG - [['3b1e569bb8cf45a7ab275a7a4dad346b', 'ng5q'], ['7aeb72692d724df8896ec9234e6d3fcd', None]]
2018-12-26 17:10:13,675 - DEBUG - z_status:	0	s_status:	0
2018-12-26 17:10:16,987 - DEBUG - [['9960f57aa3e2402688c3d28bbb224013', None], ['93439ebd7fc848ad9ca9683d4eccab38', 'dgks']]
2018-12-26 17:10:17,262 - DEBUG - z_status:	0	s_status:	0
2018-12-26 17:10:20,759 - DEBUG - [['6eea964ccc3d4e72a3b31c66e8fad5ea', 'bpmw'], ['a9bc58caea724266af687aae607f699e', 'mRva']]
2018-12-26 17:10:21,042 - DEBUG - z_status:	1	s_status:	1
2018-12-26 17:19:51,462 - DEBUG - [['446e2934d9404de594ae02e5b3a78f7f', None], ['9be0c1b673da4e3999f9064a55529a9f', 'eypz']]
2018-12-26 17:19:52,161 - DEBUG - z_status:	0	s_status:	1
2018-12-26 17:19:57,624 - DEBUG - [['a78570d5e2b547df98e8b5c3a9fec64c', 'wsRx'], ['b0b1a0fb0733491aa4c3f26836224f3a', '7t8M']]
2018-12-26 17:19:58,342 - DEBUG - z_status:	0	s_status:	0
2018-12-26 17:20:03,204 - DEBUG - [['43f0028f9fde4cdbb135feca51382732', 'fycE'], ['8181b9fb37dd4d1899d1802ab15c3cf6', 'uFcA']]
2018-12-26 17:20:03,770 - DEBUG - z_status:	1	s_status:	1
2018-12-26 17:20:11,801 - DEBUG - [['ab9f37ae8a544f8ebaa91b07a5173af5', None], ['30a43b75f4e14cf6ace75001a50f684a', None]]
2018-12-26 17:20:12,376 - DEBUG - z_status:	0	s_status:	0
2018-12-26 17:20:17,400 - DEBUG - [['38cf391286c449dfbe1f6e9a262c047d', 'fxGu'], ['fe393b33de344c698719c3bde8291e44', 'Fw3h']]
2018-12-26 17:20:17,970 - DEBUG - z_status:	1	s_status:	1
2018-12-26 17:20:22,725 - DEBUG - [['d6aa064edeb24fe9a29b5debb613b8c9', 'ExRB'], ['5a547df7217749d480feba20de3f0593', None]]
2018-12-26 17:20:26,308 - DEBUG - z_status:	0	s_status:	0
2018-12-26 17:20:31,207 - DEBUG - [['3bbb7ddfa67f4ec9994e99f3bf10ebf9', '64uH'], ['c738a4e34d79436582eb00fe576d283d', 'RAQ4']]
2018-12-26 17:20:31,880 - DEBUG - z_status:	1	s_status:	1
2018-12-26 17:20:39,561 - DEBUG - [['649a7a2739c9466bab69e29aa1bc95c2', 't3M6'], ['bd87d9f10878407d81ba7c47d6ebe4b4', None]]
2018-12-26 17:20:40,123 - DEBUG - z_status:	1	s_status:	0
2018-12-26 17:20:48,423 - DEBUG - [['826646ee4af0493fb9975b7d8b4a72f6', 'y7Rj'], ['b4533e400e984c74812b713f6b66e5d5', 'bbxv']]
2018-12-26 17:20:49,274 - DEBUG - z_status:	0	s_status:	1
2018-12-26 17:20:57,976 - DEBUG - [['b1dd873fdc4041838db0c1cd65e6e5c0', 'zw2s'], ['50d072462a4d402e83c49929524c8697', 'lbg7']]
2018-12-26 17:20:58,818 - DEBUG - z_status:	1	s_status:	0
2018-12-26 17:21:07,644 - DEBUG - [['ac5f59d6b9114e52861b41b4e5b1396a', 'xDuc'], ['8be79c2c416d429aa3066dcb77497be1', 'HjE3']]
2018-12-26 17:21:08,473 - DEBUG - z_status:	1	s_status:	1
2018-12-26 17:21:14,210 - DEBUG - [['3b3f5053c4924163bf6d4ff6000d6ffd', 'G6Gw'], ['aa2b5a39a2484601a69302fb53a44a39', None]]
2018-12-26 17:21:15,169 - DEBUG - z_status:	1	s_status:	0
2018-12-26 17:21:20,380 - DEBUG - [['ce55abd3888c4306b8982a6a684c0f1f', None], ['586bccddb5024f08ba637990da68ef09', None]]
2018-12-26 17:21:20,947 - DEBUG - z_status:	0	s_status:	0
2018-12-26 17:21:25,475 - DEBUG - [['665e392ebd39401c94c9a46bfbc515e1', 'E8gs'], ['73f3ba7d4d6943088b7d72cec442dcde', 'Bsc8']]
2018-12-26 17:21:25,975 - DEBUG - z_status:	0	s_status:	0
2018-12-26 17:21:30,441 - DEBUG - [['102f10823b6945c2af07cd6482ff08b9', 'H8bw'], ['11129154f4a847ffa37f9aa72eca2d0a', None]]
2018-12-26 17:21:30,982 - DEBUG - z_status:	1	s_status:	0
2018-12-26 17:21:35,356 - DEBUG - [['23726c6853144c48912f480f26f83ea7', None], ['e3baa95da33f45f98e49b3d7dbe74995', 'NBF6']]
2018-12-26 17:21:35,931 - DEBUG - z_status:	0	s_status:	0
2018-12-26 17:21:43,023 - DEBUG - [['0644293748334689bafe03e9b0d7bc4c', None], ['1c9872a56f7549ff9ee7af345da4024f', None]]
2018-12-26 17:21:46,544 - DEBUG - z_status:	0	s_status:	0
2018-12-26 17:22:08,101 - DEBUG - [['14e72d4dd4b04ef48e357e915122146c', 'uuFq'], ['643fe34725af4a93bd8f49fc1cfca206', 'pBwm']]
2018-12-26 17:22:08,775 - DEBUG - z_status:	1	s_status:	1
2018-12-26 17:22:15,039 - DEBUG - [['4c30f08608584919bb7014360b90be14', '6gq6'], ['42df5dca9c7b48898f7f504d9b08f1c9', 'bswp']]
2018-12-26 17:23:06,496 - DEBUG - z_status:	1	s_status:	0
